TN:
SF:src/index.js
FN:11,(anonymous_0)
FNF:1
FNH:1
FNDA:4,(anonymous_0)
DA:5,4
DA:6,4
DA:8,4
DA:9,4
DA:11,4
DA:12,4
LF:6
LH:6
BRF:0
BRH:0
end_of_record
TN:
SF:src/actions/movies/movies.js
FN:3,(anonymous_0)
FN:7,(anonymous_1)
FN:11,(anonymous_2)
FN:16,(anonymous_3)
FN:24,(anonymous_4)
FN:37,getClassifierParam
FN:43,getOrderParam
FNF:7
FNH:7
FNDA:20,(anonymous_0)
FNDA:4,(anonymous_1)
FNDA:12804,(anonymous_2)
FNDA:15,(anonymous_3)
FNDA:87065,(anonymous_4)
FNDA:15,getClassifierParam
FNDA:15,getOrderParam
DA:3,5
DA:4,20
DA:7,5
DA:8,4
DA:9,4
DA:10,4
DA:11,12804
DA:13,4
DA:16,5
DA:17,15
DA:18,15
DA:19,15
DA:21,15
DA:23,8
DA:25,87065
DA:26,87065
DA:28,87065
DA:29,87065
DA:30,87065
DA:34,8
DA:38,15
DA:39,9
DA:40,5
DA:44,15
DA:45,10
DA:46,5
LF:26
LH:26
BRDA:21,0,0,7
BRDA:21,0,1,8
BRDA:21,1,0,15
BRDA:21,1,1,10
BRDA:28,2,0,78654
BRDA:28,2,1,8411
BRDA:28,3,0,87065
BRDA:28,3,1,78654
BRDA:29,4,0,77752
BRDA:29,4,1,9313
BRDA:29,5,0,87065
BRDA:29,5,1,77752
BRDA:38,6,0,6
BRDA:38,6,1,9
BRDA:39,7,0,4
BRDA:39,7,1,5
BRDA:44,8,0,5
BRDA:44,8,1,10
BRDA:45,9,0,5
BRDA:45,9,1,5
BRF:20
BRH:20
end_of_record
TN:
SF:src/routes/index.js
FNF:0
FNH:0
DA:7,4
DA:9,4
DA:11,4
DA:12,4
DA:13,4
LF:5
LH:5
BRF:0
BRH:0
end_of_record
TN:
SF:src/routes/health/health.js
FN:1,getHealth
FNF:1
FNH:1
FNDA:1,getHealth
DA:2,1
LF:1
LH:1
BRF:0
BRH:0
end_of_record
TN:
SF:src/routes/movies/GETAllmovies.js
FN:4,(anonymous_0)
FNF:1
FNH:1
FNDA:2,(anonymous_0)
DA:4,4
DA:5,2
DA:6,2
DA:7,1
DA:8,2
LF:5
LH:5
BRDA:6,0,0,1
BRDA:6,0,1,1
BRF:2
BRH:2
end_of_record
TN:
SF:src/routes/movies/GETMoviesByClassifier.js
FN:4,(anonymous_0)
FNF:1
FNH:1
FNDA:7,(anonymous_0)
DA:4,4
DA:5,7
DA:6,7
DA:7,3
DA:8,7
LF:5
LH:5
BRDA:6,0,0,4
BRDA:6,0,1,3
BRF:2
BRH:2
end_of_record
TN:
SF:src/routes/movies/GETMoviesByName.js
FN:4,(anonymous_0)
FNF:1
FNH:1
FNDA:2,(anonymous_0)
DA:4,4
DA:5,2
DA:6,2
DA:7,1
DA:8,2
LF:5
LH:5
BRDA:6,0,0,1
BRDA:6,0,1,1
BRF:2
BRH:2
end_of_record
TN:
SF:src/utils/responseBuilder.js
FN:1,(anonymous_0)
FN:7,(anonymous_1)
FNF:2
FNH:2
FNDA:7,(anonymous_0)
FNDA:4,(anonymous_1)
DA:1,4
DA:2,7
DA:3,7
DA:4,7
DA:7,4
DA:8,4
DA:9,4
DA:10,4
LF:8
LH:8
BRF:0
BRH:0
end_of_record
